<?xml version="1.0" encoding="UTF-8"?>
<testsuite xmlns:xsi="http://www.w3.org/2001/XMLSchema-instance" xsi:noNamespaceSchemaLocation="https://maven.apache.org/surefire/maven-surefire-plugin/xsd/surefire-test-report-3.0.xsd" version="3.0" name="com.backendcsv.BackEndCsvApplicationTests" time="3.508" tests="1" errors="0" skipped="0" failures="0">
  <properties>
[...]
</properties>
  <testcase name="contextLoads" classname="com.backendcsv.BackEndCsvApplicationTests" time="1.413">
    <system-out><![CDATA[17:20:54.568 [main] INFO org.springframework.test.context.support.AnnotationConfigContextLoaderUtils -- Could not detect default configuration classes for test class [com.backendcsv.BackEndCsvApplicationTests]: BackEndCsvApplicationTests does not declare any static, non-private, non-final, nested classes annotated with @Configuration.
17:20:54.660 [main] INFO org.springframework.boot.test.context.SpringBootTestContextBootstrapper -- Found @SpringBootConfiguration com.backendcsv.BackEndCsvApplication for test class com.backendcsv.BackEndCsvApplicationTests

  .   ____          _            __ _ _
 /\\ / ___'_ __ _ _(_)_ __  __ _ \ \ \ \
( ( )\___ | '_ | '_| | '_ \/ _` | \ \ \ \
 \\/  ___)| |_)| | | | | || (_| |  ) ) ) )
  '  |____| .__|_| |_|_| |_\__, | / / / /
 =========|_|==============|___/=/_/_/_/

 :: Spring Boot ::                (v3.3.5)

2024-10-26T17:20:55.074+04:00  INFO 6936 --- [BackEndCSV] [           main] c.backendcsv.BackEndCsvApplicationTests  : Starting BackEndCsvApplicationTests using Java 21.0.2 with PID 6936 (started by 1mpleX in C:\Users\1mpleX\Desktop\MegaDataCollector\BackEndCSV)
2024-10-26T17:20:55.075+04:00  INFO 6936 --- [BackEndCSV] [           main] c.backendcsv.BackEndCsvApplicationTests  : No active profile set, falling back to 1 default profile: "default"
2024-10-26T17:20:56.477+04:00  INFO 6936 --- [BackEndCSV] [           main] c.backendcsv.BackEndCsvApplicationTests  : Started BackEndCsvApplicationTests in 1.683 seconds (process running for 2.526)
]]></system-out>
    <system-err><![CDATA[WARNING: A Java agent has been loaded dynamically (C:\Users\1mpleX\.m2\repository\net\bytebuddy\byte-buddy-agent\1.14.19\byte-buddy-agent-1.14.19.jar)
WARNING: If a serviceability tool is in use, please run with -XX:+EnableDynamicAgentLoading to hide this warning
WARNING: If a serviceability tool is not in use, please run with -Djdk.instrument.traceUsage for more information
WARNING: Dynamic loading of agents will be disallowed by default in a future release
]]></system-err>
  </testcase>
</testsuite>